[32m[LOG][2024-06-28T05:30:27.837Z] [INFO]: info test [CONTEXT] ->  {}[39m
[33m[LOG][2024-06-28T05:30:27.837Z] [NOTICE]: notice test [CONTEXT] ->  {}[39m
{"level":"\u001b[33mnotice\u001b[39m","message":"\u001b[33m\tAdded User undefined to dev.db\u001b[39m","timestamp":"2024-06-28T06:06:49.192Z"}
{"level":"\u001b[33mnotice\u001b[39m","message":"\u001b[33m\tAdded User undefined to dev.db\u001b[39m","timestamp":"2024-06-28T06:07:05.634Z"}
{"level":"\u001b[33malert\u001b[39m","message":"\u001b[33m\talert log\u001b[39m","timestamp":"2024-06-28T06:44:56.661Z"}
{"level":"\u001b[31merror\u001b[39m","message":"\u001b[31m\terror log\u001b[39m","timestamp":"2024-06-28T06:44:56.662Z"}
{"level":"\u001b[33mwarn\u001b[39m","message":"\u001b[33m\twarn log\u001b[39m","timestamp":"2024-06-28T06:44:56.663Z"}
{"level":"\u001b[33mnotice\u001b[39m","message":"\u001b[33m\tnotice log\u001b[39m","timestamp":"2024-06-28T06:44:56.663Z"}
{"level":"\u001b[32minfo\u001b[39m","message":"\u001b[32m\tinfo log\u001b[39m","timestamp":"2024-06-28T06:44:56.663Z"}
{"level":"\u001b[33malert\u001b[39m","message":"\u001b[33malert log\u001b[39m","timestamp":"2024-06-28T06:47:40.966Z"}
{"level":"\u001b[31merror\u001b[39m","message":"\u001b[31merror log\u001b[39m","timestamp":"2024-06-28T06:47:40.967Z"}
{"level":"\u001b[33mwarn\u001b[39m","message":"\u001b[33mwarn log\u001b[39m","timestamp":"2024-06-28T06:47:40.968Z"}
{"level":"\u001b[33mnotice\u001b[39m","message":"\u001b[33mnotice log\u001b[39m","timestamp":"2024-06-28T06:47:40.968Z"}
{"level":"\u001b[32minfo\u001b[39m","message":"\u001b[32minfo log\u001b[39m","timestamp":"2024-06-28T06:47:40.968Z"}
[33malert alert log[39m
[31merror error log[39m
[33mwarn warn log[39m
[33mnotice notice log[39m
[32minfo info log[39m
[33m[LOGGER]: [function toUpperCase() { [native code] }] alert log[39m
[31m[LOGGER]: [function toUpperCase() { [native code] }] error log[39m
[33m[LOGGER]: [function toUpperCase() { [native code] }] warn log[39m
[33m[LOGGER]: [function toUpperCase() { [native code] }] notice log[39m
[32m[LOGGER]: [function toUpperCase() { [native code] }] info log[39m
[33m[LOGGER]: [alert] alert log[39m
[31m[LOGGER]: [error] error log[39m
[33m[LOGGER]: [warn] warn log[39m
[33m[LOGGER]: [notice] notice log[39m
[32m[LOGGER]: [info] info log[39m
[33m[LOGGER]: [alert] alert log ### [2024-06-28T06:56:27.531Z][39m
[31m[LOGGER]: [error] error log ### [2024-06-28T06:56:27.532Z][39m
[33m[LOGGER]: [warn] warn log ### [2024-06-28T06:56:27.532Z][39m
[33m[LOGGER]: [notice] notice log ### [2024-06-28T06:56:27.533Z][39m
[32m[LOGGER]: [info] info log ### [2024-06-28T06:56:27.533Z][39m
